# JRE version: Java(TM) SE Runtime Environment (8.0_381) (build 1.8.0_381-b09)
# Java VM: Java HotSpot(TM) 64-Bit Server VM (25.381-b09 mixed mode windows-amd64 compressed oops)
Heap:
 PSYoungGen      total 928768K, used 522528K [0x000000076b000000, 0x00000007c0000000, 0x00000007c0000000)
  eden space 464896K, 100% used [0x000000076b000000,0x0000000787600000,0x0000000787600000)
  from space 463872K, 12% used [0x0000000787600000,0x000000078ae48000,0x00000007a3b00000)
  to   space 463872K, 11% used [0x00000007a3b00000,0x00000007a6ff8000,0x00000007c0000000)
 ParOldGen       total 2309632K, used 2028423K [0x00000006c1000000, 0x000000074df80000, 0x000000076b000000)
  object space 2309632K, 87% used [0x00000006c1000000,0x000000073cce1c80,0x000000074df80000)
 Metaspace       used 6429K, capacity 6674K, committed 6784K, reserved 1056768K
  class space    used 714K, capacity 810K, committed 896K, reserved 1048576K
GC Heap History (10 events):
Event: 27.187 GC heap after
Heap after GC invocations=32 (full 5):
 PSYoungGen      total 928768K, used 106208K [0x000000076b000000, 0x00000007c0000000, 0x00000007c0000000)
  eden space 464896K, 0% used [0x000000076b000000,0x000000076b000000,0x0000000787600000)
  from space 463872K, 22% used [0x0000000787600000,0x000000078ddb8000,0x00000007a3b00000)
  to   space 463872K, 0% used [0x00000007a3b00000,0x00000007a3b00000,0x00000007c0000000)
 ParOldGen       total 2309632K, used 1723751K [0x00000006c1000000, 0x000000074df80000, 0x000000076b000000)
  object space 2309632K, 74% used [0x00000006c1000000,0x000000072a359c80,0x000000074df80000)
 Metaspace       used 6429K, capacity 6674K, committed 6784K, reserved 1056768K
  class space    used 714K, capacity 810K, committed 896K, reserved 1048576K
}
Event: 27.407 GC heap before
{Heap before GC invocations=33 (full 5):
 PSYoungGen      total 928768K, used 571104K [0x000000076b000000, 0x00000007c0000000, 0x00000007c0000000)
  eden space 464896K, 100% used [0x000000076b000000,0x0000000787600000,0x0000000787600000)
  from space 463872K, 22% used [0x0000000787600000,0x000000078ddb8000,0x00000007a3b00000)
  to   space 463872K, 0% used [0x00000007a3b00000,0x00000007a3b00000,0x00000007c0000000)
 ParOldGen       total 2309632K, used 1723751K [0x00000006c1000000, 0x000000074df80000, 0x000000076b000000)
  object space 2309632K, 74% used [0x00000006c1000000,0x000000072a359c80,0x000000074df80000)
 Metaspace       used 6429K, capacity 6674K, committed 6784K, reserved 1056768K
  class space    used 714K, capacity 810K, committed 896K, reserved 1048576K
Event: 27.681 GC heap after
Heap after GC invocations=33 (full 5):
 PSYoungGen      total 928768K, used 115072K [0x000000076b000000, 0x00000007c0000000, 0x00000007c0000000)
  eden space 464896K, 0% used [0x000000076b000000,0x000000076b000000,0x0000000787600000)
  from space 463872K, 24% used [0x00000007a3b00000,0x00000007aab60000,0x00000007c0000000)
  to   space 463872K, 0% used [0x0000000787600000,0x0000000787600000,0x00000007a3b00000)
 ParOldGen       total 2309632K, used 1772527K [0x00000006c1000000, 0x000000074df80000, 0x000000076b000000)
  object space 2309632K, 76% used [0x00000006c1000000,0x000000072d2fbc80,0x000000074df80000)
 Metaspace       used 6429K, capacity 6674K, committed 6784K, reserved 1056768K
  class space    used 714K, capacity 810K, committed 896K, reserved 1048576K
}
Event: 27.897 GC heap before
{Heap before GC invocations=34 (full 5):
 PSYoungGen      total 928768K, used 579968K [0x000000076b000000, 0x00000007c0000000, 0x00000007c0000000)
  eden space 464896K, 100% used [0x000000076b000000,0x0000000787600000,0x0000000787600000)
  from space 463872K, 24% used [0x00000007a3b00000,0x00000007aab60000,0x00000007c0000000)
  to   space 463872K, 0% used [0x0000000787600000,0x0000000787600000,0x00000007a3b00000)
 ParOldGen       total 2309632K, used 1772527K [0x00000006c1000000, 0x000000074df80000, 0x000000076b000000)
  object space 2309632K, 76% used [0x00000006c1000000,0x000000072d2fbc80,0x000000074df80000)
 Metaspace       used 6429K, capacity 6674K, committed 6784K, reserved 1056768K
  class space    used 714K, capacity 810K, committed 896K, reserved 1048576K
Event: 28.183 GC heap after
Heap after GC invocations=34 (full 5):
 PSYoungGen      total 928768K, used 57632K [0x000000076b000000, 0x00000007c0000000, 0x00000007c0000000)
  eden space 464896K, 0% used [0x000000076b000000,0x000000076b000000,0x0000000787600000)
  from space 463872K, 12% used [0x0000000787600000,0x000000078ae48000,0x00000007a3b00000)
  to   space 463872K, 0% used [0x00000007a3b00000,0x00000007a3b00000,0x00000007c0000000)
 ParOldGen       total 2309632K, used 1887799K [0x00000006c1000000, 0x000000074df80000, 0x000000076b000000)
  object space 2309632K, 81% used [0x00000006c1000000,0x000000073438dc80,0x000000074df80000)
 Metaspace       used 6429K, capacity 6674K, committed 6784K, reserved 1056768K
  class space    used 714K, capacity 810K, committed 896K, reserved 1048576K
}
Event: 28.424 GC heap before
{Heap before GC invocations=35 (full 5):
 PSYoungGen      total 928768K, used 522528K [0x000000076b000000, 0x00000007c0000000, 0x00000007c0000000)
  eden space 464896K, 100% used [0x000000076b000000,0x0000000787600000,0x0000000787600000)
  from space 463872K, 12% used [0x0000000787600000,0x000000078ae48000,0x00000007a3b00000)
  to   space 463872K, 0% used [0x00000007a3b00000,0x00000007a3b00000,0x00000007c0000000)
 ParOldGen       total 2309632K, used 1887799K [0x00000006c1000000, 0x000000074df80000, 0x000000076b000000)
  object space 2309632K, 81% used [0x00000006c1000000,0x000000073438dc80,0x000000074df80000)
 Metaspace       used 6429K, capacity 6674K, committed 6784K, reserved 1056768K
  class space    used 714K, capacity 810K, committed 896K, reserved 1048576K
Event: 28.641 GC heap after
Heap after GC invocations=35 (full 5):
 PSYoungGen      total 928768K, used 57632K [0x000000076b000000, 0x00000007c0000000, 0x00000007c0000000)
  eden space 464896K, 0% used [0x000000076b000000,0x000000076b000000,0x0000000787600000)
  from space 463872K, 12% used [0x00000007a3b00000,0x00000007a7348000,0x00000007c0000000)
  to   space 463872K, 0% used [0x0000000787600000,0x0000000787600000,0x00000007a3b00000)
 ParOldGen       total 2309632K, used 1945463K [0x00000006c1000000, 0x000000074df80000, 0x000000076b000000)
  object space 2309632K, 84% used [0x00000006c1000000,0x0000000737bddc80,0x000000074df80000)
 Metaspace       used 6429K, capacity 6674K, committed 6784K, reserved 1056768K
  class space    used 714K, capacity 810K, committed 896K, reserved 1048576K
}
Event: 28.867 GC heap before
{Heap before GC invocations=36 (full 5):
 PSYoungGen      total 928768K, used 522528K [0x000000076b000000, 0x00000007c0000000, 0x00000007c0000000)
  eden space 464896K, 100% used [0x000000076b000000,0x0000000787600000,0x0000000787600000)
  from space 463872K, 12% used [0x00000007a3b00000,0x00000007a7348000,0x00000007c0000000)
  to   space 463872K, 0% used [0x0000000787600000,0x0000000787600000,0x00000007a3b00000)
 ParOldGen       total 2309632K, used 1945463K [0x00000006c1000000, 0x000000074df80000, 0x000000076b000000)
  object space 2309632K, 84% used [0x00000006c1000000,0x0000000737bddc80,0x000000074df80000)
 Metaspace       used 6429K, capacity 6674K, committed 6784K, reserved 1056768K
  class space    used 714K, capacity 810K, committed 896K, reserved 1048576K
Event: 29.064 GC heap after
Heap after GC invocations=36 (full 5):
 PSYoungGen      total 928768K, used 57632K [0x000000076b000000, 0x00000007c0000000, 0x00000007c0000000)
  eden space 464896K, 0% used [0x000000076b000000,0x000000076b000000,0x0000000787600000)
  from space 463872K, 12% used [0x0000000787600000,0x000000078ae48000,0x00000007a3b00000)
  to   space 463872K, 0% used [0x00000007a3b00000,0x00000007a3b00000,0x00000007c0000000)
 ParOldGen       total 2309632K, used 2003111K [0x00000006c1000000, 0x000000074df80000, 0x000000076b000000)
  object space 2309632K, 86% used [0x00000006c1000000,0x000000073b429c80,0x000000074df80000)
 Metaspace       used 6429K, capacity 6674K, committed 6784K, reserved 1056768K
  class space    used 714K, capacity 810K, committed 896K, reserved 1048576K
}
Event: 29.276 GC heap before
{Heap before GC invocations=37 (full 5):
 PSYoungGen      total 928768K, used 522528K [0x000000076b000000, 0x00000007c0000000, 0x00000007c0000000)
  eden space 464896K, 100% used [0x000000076b000000,0x0000000787600000,0x0000000787600000)
  from space 463872K, 12% used [0x0000000787600000,0x000000078ae48000,0x00000007a3b00000)
  to   space 463872K, 0% used [0x00000007a3b00000,0x00000007a3b00000,0x00000007c0000000)
 ParOldGen       total 2309632K, used 2003111K [0x00000006c1000000, 0x000000074df80000, 0x000000076b000000)
  object space 2309632K, 86% used [0x00000006c1000000,0x000000073b429c80,0x000000074df80000)
 Metaspace       used 6429K, capacity 6674K, committed 6784K, reserved 1056768K
  class space    used 714K, capacity 810K, committed 896K, reserved 1048576K

