# JRE version: Java(TM) SE Runtime Environment (8.0_381) (build 1.8.0_381-b09)
# Java VM: Java HotSpot(TM) 64-Bit Server VM (25.381-b09 mixed mode windows-amd64 compressed oops)
Heap:
 PSYoungGen      total 1167360K, used 1031277K [0x000000076b000000, 0x00000007c0000000, 0x00000007c0000000)
  eden space 942080K, 97% used [0x000000076b000000,0x00000007a3273538,0x00000007a4800000)
  from space 225280K, 49% used [0x00000007a4800000,0x00000007ab4a8000,0x00000007b2400000)
  to   space 221696K, 57% used [0x00000007b2780000,0x00000007ba418000,0x00000007c0000000)
 ParOldGen       total 614400K, used 480683K [0x00000006c1000000, 0x00000006e6800000, 0x000000076b000000)
  object space 614400K, 78% used [0x00000006c1000000,0x00000006de56ad88,0x00000006e6800000)
 Metaspace       used 6446K, capacity 6738K, committed 7040K, reserved 1056768K
  class space    used 715K, capacity 810K, committed 896K, reserved 1048576K
GC Heap History (10 events):
Event: 3.055 GC heap after
Heap after GC invocations=9 (full 1):
 PSYoungGen      total 1094656K, used 59812K [0x000000076b000000, 0x00000007b8a00000, 0x00000007c0000000)
  eden space 1005056K, 0% used [0x000000076b000000,0x000000076b000000,0x00000007a8580000)
  from space 89600K, 66% used [0x00000007af980000,0x00000007b33e91d8,0x00000007b5100000)
  to   space 118784K, 0% used [0x00000007a8580000,0x00000007a8580000,0x00000007af980000)
 ParOldGen       total 337920K, used 174784K [0x00000006c1000000, 0x00000006d5a00000, 0x000000076b000000)
  object space 337920K, 51% used [0x00000006c1000000,0x00000006cbab0148,0x00000006d5a00000)
 Metaspace       used 6446K, capacity 6738K, committed 7040K, reserved 1056768K
  class space    used 715K, capacity 810K, committed 896K, reserved 1048576K
}
Event: 3.607 GC heap before
{Heap before GC invocations=10 (full 1):
 PSYoungGen      total 1094656K, used 1064868K [0x000000076b000000, 0x00000007b8a00000, 0x00000007c0000000)
  eden space 1005056K, 100% used [0x000000076b000000,0x00000007a8580000,0x00000007a8580000)
  from space 89600K, 66% used [0x00000007af980000,0x00000007b33e91d8,0x00000007b5100000)
  to   space 118784K, 0% used [0x00000007a8580000,0x00000007a8580000,0x00000007af980000)
 ParOldGen       total 337920K, used 174784K [0x00000006c1000000, 0x00000006d5a00000, 0x000000076b000000)
  object space 337920K, 51% used [0x00000006c1000000,0x00000006cbab0148,0x00000006d5a00000)
 Metaspace       used 6446K, capacity 6738K, committed 7040K, reserved 1056768K
  class space    used 715K, capacity 810K, committed 896K, reserved 1048576K
Event: 3.774 GC heap after
Heap after GC invocations=10 (full 1):
 PSYoungGen      total 1123840K, used 118776K [0x000000076b000000, 0x00000007c0000000, 0x00000007c0000000)
  eden space 1005056K, 0% used [0x000000076b000000,0x000000076b000000,0x00000007a8580000)
  from space 118784K, 99% used [0x00000007a8580000,0x00000007af97e200,0x00000007af980000)
  to   space 169472K, 0% used [0x00000007b5a80000,0x00000007b5a80000,0x00000007c0000000)
 ParOldGen       total 337920K, used 248720K [0x00000006c1000000, 0x00000006d5a00000, 0x000000076b000000)
  object space 337920K, 73% used [0x00000006c1000000,0x00000006d02e4148,0x00000006d5a00000)
 Metaspace       used 6446K, capacity 6738K, committed 7040K, reserved 1056768K
  class space    used 715K, capacity 810K, committed 896K, reserved 1048576K
}
Event: 4.255 GC heap before
{Heap before GC invocations=11 (full 1):
 PSYoungGen      total 1123840K, used 1123832K [0x000000076b000000, 0x00000007c0000000, 0x00000007c0000000)
  eden space 1005056K, 100% used [0x000000076b000000,0x00000007a8580000,0x00000007a8580000)
  from space 118784K, 99% used [0x00000007a8580000,0x00000007af97e200,0x00000007af980000)
  to   space 169472K, 0% used [0x00000007b5a80000,0x00000007b5a80000,0x00000007c0000000)
 ParOldGen       total 337920K, used 248720K [0x00000006c1000000, 0x00000006d5a00000, 0x000000076b000000)
  object space 337920K, 73% used [0x00000006c1000000,0x00000006d02e4148,0x00000006d5a00000)
 Metaspace       used 6446K, capacity 6738K, committed 7040K, reserved 1056768K
  class space    used 715K, capacity 810K, committed 896K, reserved 1048576K
Event: 4.463 GC heap after
Heap after GC invocations=11 (full 1):
 PSYoungGen      total 1111552K, used 169444K [0x000000076b000000, 0x00000007c0000000, 0x00000007c0000000)
  eden space 942080K, 0% used [0x000000076b000000,0x000000076b000000,0x00000007a4800000)
  from space 169472K, 99% used [0x00000007b5a80000,0x00000007bfff92f0,0x00000007c0000000)
  to   space 225280K, 0% used [0x00000007a4800000,0x00000007a4800000,0x00000007b2400000)
 ParOldGen       total 337920K, used 321944K [0x00000006c1000000, 0x00000006d5a00000, 0x000000076b000000)
  object space 337920K, 95% used [0x00000006c1000000,0x00000006d4a66148,0x00000006d5a00000)
 Metaspace       used 6446K, capacity 6738K, committed 7040K, reserved 1056768K
  class space    used 715K, capacity 810K, committed 896K, reserved 1048576K
}
Event: 4.463 GC heap before
{Heap before GC invocations=12 (full 2):
 PSYoungGen      total 1111552K, used 169444K [0x000000076b000000, 0x00000007c0000000, 0x00000007c0000000)
  eden space 942080K, 0% used [0x000000076b000000,0x000000076b000000,0x00000007a4800000)
  from space 169472K, 99% used [0x00000007b5a80000,0x00000007bfff92f0,0x00000007c0000000)
  to   space 225280K, 0% used [0x00000007a4800000,0x00000007a4800000,0x00000007b2400000)
 ParOldGen       total 337920K, used 321944K [0x00000006c1000000, 0x00000006d5a00000, 0x000000076b000000)
  object space 337920K, 95% used [0x00000006c1000000,0x00000006d4a66148,0x00000006d5a00000)
 Metaspace       used 6446K, capacity 6738K, committed 7040K, reserved 1056768K
  class space    used 715K, capacity 810K, committed 896K, reserved 1048576K
Event: 6.154 GC heap after
Heap after GC invocations=12 (full 2):
 PSYoungGen      total 1111552K, used 142614K [0x000000076b000000, 0x00000007c0000000, 0x00000007c0000000)
  eden space 942080K, 0% used [0x000000076b000000,0x000000076b000000,0x00000007a4800000)
  from space 169472K, 84% used [0x00000007b5a80000,0x00000007be5c5848,0x00000007c0000000)
  to   space 225280K, 0% used [0x00000007a4800000,0x00000007a4800000,0x00000007b2400000)
 ParOldGen       total 614400K, used 337467K [0x00000006c1000000, 0x00000006e6800000, 0x000000076b000000)
  object space 614400K, 54% used [0x00000006c1000000,0x00000006d598ed88,0x00000006e6800000)
 Metaspace       used 6446K, capacity 6738K, committed 7040K, reserved 1056768K
  class space    used 715K, capacity 810K, committed 896K, reserved 1048576K
}
Event: 6.575 GC heap before
{Heap before GC invocations=13 (full 2):
 PSYoungGen      total 1111552K, used 1084694K [0x000000076b000000, 0x00000007c0000000, 0x00000007c0000000)
  eden space 942080K, 100% used [0x000000076b000000,0x00000007a4800000,0x00000007a4800000)
  from space 169472K, 84% used [0x00000007b5a80000,0x00000007be5c5848,0x00000007c0000000)
  to   space 225280K, 0% used [0x00000007a4800000,0x00000007a4800000,0x00000007b2400000)
 ParOldGen       total 614400K, used 337467K [0x00000006c1000000, 0x00000006e6800000, 0x000000076b000000)
  object space 614400K, 54% used [0x00000006c1000000,0x00000006d598ed88,0x00000006e6800000)
 Metaspace       used 6446K, capacity 6738K, committed 7040K, reserved 1056768K
  class space    used 715K, capacity 810K, committed 896K, reserved 1048576K
Event: 6.998 GC heap after
Heap after GC invocations=13 (full 2):
 PSYoungGen      total 1167360K, used 111264K [0x000000076b000000, 0x00000007c0000000, 0x00000007c0000000)
  eden space 942080K, 0% used [0x000000076b000000,0x000000076b000000,0x00000007a4800000)
  from space 225280K, 49% used [0x00000007a4800000,0x00000007ab4a8000,0x00000007b2400000)
  to   space 221696K, 0% used [0x00000007b2780000,0x00000007b2780000,0x00000007c0000000)
 ParOldGen       total 614400K, used 480683K [0x00000006c1000000, 0x00000006e6800000, 0x000000076b000000)
  object space 614400K, 78% used [0x00000006c1000000,0x00000006de56ad88,0x00000006e6800000)
 Metaspace       used 6446K, capacity 6738K, committed 7040K, reserved 1056768K
  class space    used 715K, capacity 810K, committed 896K, reserved 1048576K
}
Event: 7.415 GC heap before
{Heap before GC invocations=14 (full 2):
 PSYoungGen      total 1167360K, used 1031277K [0x000000076b000000, 0x00000007c0000000, 0x00000007c0000000)
  eden space 942080K, 97% used [0x000000076b000000,0x00000007a3273538,0x00000007a4800000)
  from space 225280K, 49% used [0x00000007a4800000,0x00000007ab4a8000,0x00000007b2400000)
  to   space 221696K, 0% used [0x00000007b2780000,0x00000007b2780000,0x00000007c0000000)
 ParOldGen       total 614400K, used 480683K [0x00000006c1000000, 0x00000006e6800000, 0x000000076b000000)
  object space 614400K, 78% used [0x00000006c1000000,0x00000006de56ad88,0x00000006e6800000)
 Metaspace       used 6446K, capacity 6738K, committed 7040K, reserved 1056768K
  class space    used 715K, capacity 810K, committed 896K, reserved 1048576K

